DenisovaMajority-1: T is altered T -> C at pos 50522539.
DenisovaMajority-1: C is altered C -> T at pos 50526033.
DenisovaMajority-1: g is altered G -> A at pos 50527047.
DenisovaMajority-1: g is altered G -> A at pos 50528781.
DenisovaMajority-1: c is altered C -> T at pos 50529957.
DenisovaMajority-1: g is altered G -> GA at pos 50530771.
DenisovaMajority-1: c is altered C -> T at pos 50532481.
DenisovaMajority-1: G is altered G -> T at pos 50537378.
DenisovaMajority-1: a is altered A -> C at pos 50538015.
DenisovaMajority-1: C is altered C -> T at pos 50542290.
DenisovaMajority-1: G is altered G -> A at pos 50542692.
DenisovaMajority-1: T is altered T -> C at pos 50543552.
DenisovaMajority-1: A is altered A -> G at pos 50546665.
DenisovaMajority-1: C is altered C -> T at pos 50547506.
DenisovaMajority-1: G is altered G -> A at pos 50552434.
DenisovaMajority-1: t is altered T -> C at pos 50553048.
DenisovaMajority-1: C is altered C -> T at pos 50554806.
DenisovaMajority-1: C is altered C -> T at pos 50554960.
DenisovaMajority-1: T is altered T -> G at pos 50556744.
DenisovaMajority-1: Ctgtg is altered CTGTG -> C at pos 50559758 - 50559762.
DenisovaMajority-1: t is altered T -> C at pos 50561599.
DenisovaMajority-1: c is altered C -> A at pos 50563796.
DenisovaMajority-1: a is altered A -> G at pos 50565029.
DenisovaMajority-1: G is altered G -> A at pos 50567341.
DenisovaMajority-1: C is altered C -> T at pos 50568867.
DenisovaMajority-1: T is altered T -> C at pos 50568914.
DenisovaMajority-1: GCA is altered GCA -> G at pos 50571355 - 50571357.
DenisovaMajority-1: a is altered A -> G at pos 50573415.
DenisovaMajority-1: a is altered A -> G at pos 50575310.
DenisovaMajority-1: c is altered C -> T at pos 50577141.
DenisovaMajority-1: t is altered T -> C at pos 50577219.
DenisovaMajority-1: A is altered A -> G at pos 50578528.
DenisovaMajority-1: A is altered A -> G at pos 50578900.
DenisovaMajority-1: C is altered C -> T at pos 50580721.
DenisovaMajority-1: gtcta is altered GTCTA -> G at pos 50580917 - 50580921.
DenisovaMajority-1: C is altered C -> T at pos 50581326.
DenisovaMajority-1: T is altered T -> TA at pos 50581721.
DenisovaMajority-1: C is altered C -> T at pos 50581791.
DenisovaMajority-1: a is altered A -> G at pos 50582165.
DenisovaMajority-1: T is altered T -> C at pos 50584287.
DenisovaMajority-1: t is altered T -> A at pos 50584564.
DenisovaMajority-1: A is altered A -> G at pos 50584797.
DenisovaMajority-1: G is altered G -> C at pos 50585184.
DenisovaMajority-1: a is altered A -> G at pos 50587173.
DenisovaMajority-1: t is altered T -> C at pos 50587430.
DenisovaMajority-1: a is altered A -> G at pos 50589119.
DenisovaMajority-1: t is altered T -> C at pos 50598222.
DenisovaMajority-1: g is altered G -> A at pos 50601753.
DenisovaMajority-1: c is altered C -> T at pos 50602945.
DenisovaMajority-1	length=83102
